

Microchip Technology PIC Macro Assembler V1.33 build 59893 
                                                                                                           Tue Feb 24 05:56:59 2015


     1                           
     2                           	; Microchip MPLAB XC8 C Compiler V1.33
     3                           	; Copyright (C) 1984-2014 HI-TECH Software
     4                           
     5                           	; Auto-generated runtime startup code for final link stage.
     6                           
     7                           	;
     8                           	; Compiler options:
     9                           	;
    10                           	; --output=mcof -G --chip=16F88 -ODebug.cof BCD7.p1 main.p1
    11                           	;
    12                           
    13                           
    14                           	processor	16F88
    15                           
    16                           	global	_main,start,reset_vec
    17                           	fnroot	_main
    18                           	psect	config,class=CONFIG,delta=2,noexec
    19                           	psect	idloc,class=IDLOC,delta=2,noexec
    20                           	psect	code,class=CODE,delta=2
    21                           	psect	powerup,class=CODE,delta=2
    22                           	psect	reset_vec,class=CODE,delta=2
    23                           	psect	maintext,class=CODE,delta=2
    24  0000                     	Z	set	2
    25  0002                     	PCL	set	2
    26  0002                     	INDF	set	0
    27  0000                     
    28                           	STATUS	equ	3
    29  0003                     	PCLATH	equ	0Ah
    30  000A                     
    31                           	psect	eeprom_data,class=EEDATA,delta=2,space=3,noexec
    32                           	psect	intentry,class=CODE,delta=2
    33                           	psect	functab,class=CODE,delta=2
    34                           	global	intlevel0,intlevel1,intlevel2, intlevel3, intlevel4, intlevel5
    35                           intlevel0:
    36  0000                     intlevel1:
    37  0000                     intlevel2:
    38  0000                     intlevel3:
    39  0000                     intlevel4:
    40  0000                     intlevel5:
    41  0000                     	psect	init,class=CODE,delta=2
    42                           	psect	cinit,class=CODE,delta=2
    43                           	psect	text,class=CODE,delta=2
    44                           	psect	end_init,class=CODE,delta=2
    45                           	psect	clrtext,class=CODE,delta=2
    46                           	FSR	set	4
    47  0004                     	psect	strings,class=CODE,delta=2,reloc=256
    48                           
    49                           	global stacklo, stackhi
    50                           	stacklo	equ	0
    51  0000                     	stackhi	equ	0
    52  0000                     
    53                           
    54                           	psect	stack,class=STACK,space=2,noexec
    55                           	global ___sp,___int_sp
    56                           	___sp:
    57  0000                     	___int_sp:
    58  0000                     	psect	reset_vec
    59                           reset_vec:
    60  0000                     	; No powerup routine
    61                           	; No interrupt routine
    62                           
    63                           
    64                           	psect	init
    65                           start
    66  0000                     	psect	end_init
    67                           	global start_initialization
    68                           	ljmp start_initialization	;jump to C runtime clear & initialization
    69  0000  118A  2FF7         
    70                           ; Config register CONFIG1 @ 0x2007
    71                           ;	Watchdog Timer Enable bit
    72                           ;	WDTE = OFF, WDT disabled
    73                           ;	Power-up Timer Enable bit
    74                           ;	PWRTE = ON, PWRT enabled
    75                           ;	Flash Program Memory Code Protection bit
    76                           ;	CP = OFF, Code protection off
    77                           ;	Brown-out Reset Enable bit
    78                           ;	BOREN = ON, BOR enabled
    79                           ;	CCP1 Pin Selection bit
    80                           ;	CCPMX = RB0, CCP1 function on RB0
    81                           ;	In-Circuit Debugger Mode bit
    82                           ;	DEBUG = 0x1, unprogrammed default
    83                           ;	Low-Voltage Programming Enable bit
    84                           ;	LVP = OFF, RB3 is digital I/O, HV on MCLR must be used for programming
    85                           ;	RA5/MCLR/VPP Pin Function Select bit
    86                           ;	MCLRE = ON, RA5/MCLR/VPP pin function is MCLR
    87                           ;	Data EE Memory Code Protection bit
    88                           ;	CPD = OFF, Code protection off
    89                           ;	Flash Program Memory Write Enable bits
    90                           ;	WRT = OFF, Write protection off
    91                           ;	Oscillator Selection bits
    92                           ;	FOSC = XT, XT oscillator
    93                           
    94                           	psect	config
    95                           		org 0x0
    96  2007                     		dw 0xFF61
    97  2007  FF61               
    98                           ; Config register CONFIG2 @ 0x2008
    99                           ;	Fail-Safe Clock Monitor Enable bit
   100                           ;	FCMEN = OFF, Fail-Safe Clock Monitor disabled
   101                           ;	Internal External Switchover bit
   102                           ;	IESO = OFF, Internal External Switchover mode disabled
   103                           
   104                           	psect	config
   105                           		org 0x1
   106  2008                     		dw 0xFFFC
   107  2008  FFFC               


Microchip Technology PIC Macro Assembler V1.33 build 59893 
Symbol Table                                                                                               Tue Feb 24 05:56:59 2015

               ___sp 0000                 _main 02AB                 start 0000               stackhi 0000  
             stacklo 0000  start_initialization 07F7             ___int_sp 0000             intlevel0 0000  
           intlevel1 0000             intlevel2 0000             intlevel3 0000             intlevel4 0000  
           intlevel5 0000             reset_vec 0000  
